<?xml version="1.0" encoding="UTF-8"?>
<testng-results ignored="0" total="1" passed="1" failed="0" skipped="0">
  <reporter-output>
  </reporter-output>
  <suite started-at="2024-03-29T18:14:25 IST" name="Default suite" finished-at="2024-03-29T18:15:00 IST" duration-ms="34441">
    <groups>
    </groups>
    <test started-at="2024-03-29T18:14:25 IST" name="Default test" finished-at="2024-03-29T18:15:00 IST" duration-ms="34441">
      <class name="testScripts.GooglePageTestFirefox">
        <test-method is-config="true" signature="setUp()[pri:0, instance:testScripts.GooglePageTestFirefox@2e385cce]" started-at="2024-03-29T18:14:25 IST" name="setUp" finished-at="2024-03-29T18:14:56 IST" duration-ms="31179" status="PASS">
          <reporter-output>
          </reporter-output>
        </test-method> <!-- setUp -->
        <test-method signature="googlePage()[pri:0, instance:testScripts.GooglePageTestFirefox@2e385cce]" started-at="2024-03-29T18:14:56 IST" name="googlePage" finished-at="2024-03-29T18:14:58 IST" duration-ms="1475" status="PASS">
          <reporter-output>
          </reporter-output>
        </test-method> <!-- googlePage -->
        <test-method is-config="true" signature="tearDown()[pri:0, instance:testScripts.GooglePageTestFirefox@2e385cce]" started-at="2024-03-29T18:14:58 IST" name="tearDown" finished-at="2024-03-29T18:15:00 IST" duration-ms="1704" status="PASS">
          <reporter-output>
          </reporter-output>
        </test-method> <!-- tearDown -->
      </class> <!-- testScripts.GooglePageTestFirefox -->
    </test> <!-- Default test -->
  </suite> <!-- Default suite -->
</testng-results>
